TN:
SF:src\app.ts
FN:17,(anonymous_1)
FN:27,init
FN:32,close
FNF:3
FNH:2
FNDA:1,(anonymous_1)
FNDA:10,init
FNDA:0,close
DA:1,10
DA:2,10
DA:3,10
DA:4,10
DA:6,10
DA:8,10
DA:10,10
DA:11,10
DA:13,10
DA:14,10
DA:17,1
DA:27,10
DA:28,10
DA:29,10
DA:32,10
DA:33,0
DA:36,10
LF:17
LH:16
BRF:0
BRH:0
end_of_record
TN:
SF:src\server.ts
FN:5,(anonymous_6)
FN:6,(anonymous_7)
FNF:2
FNH:0
FNDA:0,(anonymous_6)
FNDA:0,(anonymous_7)
DA:1,0
DA:3,0
DA:5,0
DA:6,0
DA:8,0
LF:5
LH:0
BRDA:3,0,0,0
BRDA:3,0,1,0
BRF:2
BRH:0
end_of_record
TN:
SF:src\config\database.ts
FN:4,connectDb
FN:8,disconnectDB
FNF:2
FNH:1
FNDA:10,connectDb
FNDA:0,disconnectDB
DA:1,13
DA:4,13
DA:5,10
DA:8,13
DA:9,0
LF:5
LH:4
BRF:0
BRH:0
end_of_record
TN:
SF:src\config\envs.ts
FN:4,loadEnv
FNF:1
FNH:1
FNDA:23,loadEnv
DA:1,13
DA:2,13
DA:4,13
DA:6,23
DA:12,23
DA:13,23
LF:6
LH:6
BRDA:6,0,0,23
BRDA:6,0,1,0
BRDA:8,1,0,0
BRDA:8,1,1,0
BRF:4
BRH:1
end_of_record
TN:
SF:src\config\index.ts
FNF:0
FNH:0
DA:1,13
DA:2,13
LF:2
LH:2
BRF:0
BRH:0
end_of_record
TN:
SF:src\controllers\authentication-controller.ts
FN:4,singInPost
FNF:1
FNH:1
FNDA:5,singInPost
DA:1,10
DA:3,10
DA:4,10
DA:5,5
DA:7,5
DA:8,5
DA:10,3
DA:12,2
LF:8
LH:8
BRF:0
BRH:0
end_of_record
TN:
SF:src\controllers\enrollments-controller.ts
FN:6,getEnrollmentByUser
FN:18,postCreateOrUpdateEnrollment
FN:31,getAddressFromCEP
FNF:3
FNH:3
FNDA:2,getEnrollmentByUser
FNDA:2,postCreateOrUpdateEnrollment
FNDA:2,getAddressFromCEP
DA:2,10
DA:4,10
DA:6,10
DA:7,2
DA:9,2
DA:10,2
DA:12,1
DA:14,1
DA:18,10
DA:19,2
DA:20,2
DA:25,2
DA:27,0
DA:31,10
DA:32,2
DA:34,2
DA:35,2
DA:36,1
DA:38,1
DA:39,1
LF:20
LH:19
BRDA:38,0,0,1
BRF:1
BRH:1
end_of_record
TN:
SF:src\controllers\events-controller.ts
FN:5,getDefaultEvent
FNF:1
FNH:1
FNDA:2,getDefaultEvent
DA:1,10
DA:3,10
DA:5,10
DA:6,2
DA:7,2
DA:8,1
DA:10,1
LF:7
LH:7
BRF:0
BRH:0
end_of_record
TN:
SF:src\controllers\hotels-controller.ts
FN:6,getHotels
FN:25,getHotelRooms
FNF:2
FNH:2
FNDA:4,getHotels
FNDA:3,getHotelRooms
DA:2,10
DA:4,10
DA:6,10
DA:7,4
DA:9,4
DA:10,4
DA:12,2
DA:13,2
DA:15,2
DA:16,1
DA:18,1
DA:19,1
DA:21,0
DA:25,10
DA:26,3
DA:28,3
DA:29,0
DA:30,0
DA:33,3
DA:34,3
DA:36,2
DA:37,2
DA:39,1
DA:40,1
DA:42,0
LF:25
LH:21
BRDA:15,0,0,1
BRDA:18,1,0,1
BRDA:28,2,0,0
BRDA:39,3,0,1
BRF:4
BRH:3
end_of_record
TN:
SF:src\controllers\index.ts
FNF:0
FNH:0
DA:1,10
DA:2,10
DA:3,10
DA:4,10
LF:4
LH:4
BRF:0
BRH:0
end_of_record
TN:
SF:src\controllers\payments-controller.ts
FN:6,getPayment
FN:28,processPayment
FNF:2
FNH:2
FNDA:4,getPayment
FNDA:5,processPayment
DA:2,10
DA:4,10
DA:6,10
DA:7,4
DA:9,4
DA:10,4
DA:11,1
DA:14,3
DA:15,3
DA:16,1
DA:18,2
DA:19,1
DA:21,1
DA:22,1
DA:24,0
DA:28,10
DA:29,5
DA:30,5
DA:32,5
DA:33,5
DA:35,3
DA:37,2
DA:38,1
DA:40,1
DA:41,1
DA:44,0
LF:26
LH:24
BRDA:10,0,0,1
BRDA:18,1,0,1
BRDA:21,2,0,1
BRDA:37,3,0,1
BRDA:40,4,0,1
BRF:5
BRH:5
end_of_record
TN:
SF:src\controllers\tickets-controller.ts
FN:6,getTicket
FN:21,getTicketTypes
FN:32,createTicket
FNF:3
FNH:3
FNDA:3,getTicket
FNDA:2,getTicketTypes
FNDA:3,createTicket
DA:2,10
DA:4,10
DA:6,10
DA:7,3
DA:9,3
DA:10,3
DA:11,1
DA:12,1
DA:14,2
DA:15,2
DA:17,0
DA:21,10
DA:22,2
DA:23,2
DA:25,2
DA:26,2
DA:28,0
DA:32,10
DA:33,3
DA:34,3
DA:36,3
DA:37,3
DA:39,2
DA:40,2
DA:42,1
DA:43,1
DA:45,0
DA:46,0
DA:48,0
LF:29
LH:24
BRDA:14,0,0,2
BRDA:42,1,0,1
BRDA:45,2,0,0
BRF:3
BRH:2
end_of_record
TN:
SF:src\controllers\users-controller.ts
FN:5,usersPost
FNF:1
FNH:1
FNDA:6,usersPost
DA:1,10
DA:3,10
DA:5,10
DA:6,6
DA:8,6
DA:9,6
DA:10,3
DA:15,3
DA:16,1
DA:18,2
LF:10
LH:10
BRDA:15,0,0,1
BRF:1
BRH:1
end_of_record
TN:
SF:src\errors\bad-request-error.ts
FN:3,badRequestError
FNF:1
FNH:0
FNDA:0,badRequestError
DA:3,10
DA:4,0
LF:2
LH:1
BRF:0
BRH:0
end_of_record
TN:
SF:src\errors\cannot-enroll-before-start-date-error.ts
FN:3,cannotEnrollBeforeStartDateError
FNF:1
FNH:1
FNDA:2,cannotEnrollBeforeStartDateError
DA:3,10
DA:4,2
LF:2
LH:2
BRF:0
BRH:0
end_of_record
TN:
SF:src\errors\conflict-error.ts
FN:3,conflictError
FNF:1
FNH:0
FNDA:0,conflictError
DA:3,10
DA:4,0
LF:2
LH:1
BRF:0
BRH:0
end_of_record
TN:
SF:src\errors\forbidden-error.ts
FN:3,forbiddenError
FNF:1
FNH:1
FNDA:1,forbiddenError
DA:3,10
DA:4,1
LF:2
LH:2
BRF:0
BRH:0
end_of_record
TN:
SF:src\errors\index.ts
FNF:0
FNH:0
DA:1,10
DA:2,10
DA:3,10
DA:4,10
DA:5,10
DA:6,10
DA:7,10
DA:8,10
DA:9,10
DA:10,10
LF:10
LH:10
BRF:0
BRH:0
end_of_record
TN:
SF:src\errors\invalid-data-error.ts
FN:3,invalidDataError
FNF:1
FNH:1
FNDA:10,invalidDataError
DA:3,10
DA:4,10
LF:2
LH:2
BRF:0
BRH:0
end_of_record
TN:
SF:src\errors\invalid-email-error.ts
FN:3,invalidEmailError
FNF:1
FNH:0
FNDA:0,invalidEmailError
DA:3,10
DA:4,0
LF:2
LH:1
BRF:0
BRH:0
end_of_record
TN:
SF:src\errors\not-found-error.ts
FN:3,notFoundError
FNF:1
FNH:1
FNDA:9,notFoundError
DA:3,10
DA:4,9
LF:2
LH:2
BRF:0
BRH:0
end_of_record
TN:
SF:src\errors\payment-error.ts
FN:3,paymentError
FNF:1
FNH:1
FNDA:1,paymentError
DA:3,10
DA:4,1
LF:2
LH:2
BRF:0
BRH:0
end_of_record
TN:
SF:src\errors\request-error.ts
FN:3,requestError
FNF:1
FNH:1
FNDA:1,requestError
DA:3,10
DA:4,1
LF:2
LH:2
BRF:0
BRH:0
end_of_record
TN:
SF:src\errors\unauthorized-error.ts
FN:3,unauthorizedError
FNF:1
FNH:1
FNDA:29,unauthorizedError
DA:3,10
DA:4,29
LF:2
LH:2
BRF:0
BRH:0
end_of_record
TN:
SF:src\middlewares\authentication-middleware.ts
FN:8,authenticateToken
FN:33,generateUnauthorizedResponse
FNF:2
FNH:2
FNDA:61,authenticateToken
FNDA:27,generateUnauthorizedResponse
DA:2,10
DA:3,10
DA:5,10
DA:6,10
DA:8,10
DA:9,61
DA:10,61
DA:12,52
DA:13,52
DA:15,52
DA:16,52
DA:18,43
DA:23,43
DA:25,34
DA:27,34
DA:29,9
DA:34,27
LF:17
LH:17
BRDA:10,0,0,9
BRDA:13,1,0,0
BRDA:23,2,0,9
BRF:3
BRH:2
end_of_record
TN:
SF:src\middlewares\error-handling-middleware.ts
FN:5,handleApplicationErrors
FNF:1
FNH:0
FNDA:0,handleApplicationErrors
DA:3,10
DA:5,10
DA:6,0
DA:7,0
DA:12,0
DA:13,0
DA:18,0
DA:19,0
DA:24,0
DA:25,0
DA:30,0
DA:31,0
DA:37,0
DA:38,0
LF:14
LH:2
BRDA:6,0,0,0
BRDA:12,1,0,0
BRDA:12,2,0,0
BRDA:12,2,1,0
BRDA:18,3,0,0
BRDA:24,4,0,0
BRDA:30,5,0,0
BRF:7
BRH:0
end_of_record
TN:
SF:src\middlewares\index.ts
FNF:0
FNH:0
DA:1,10
DA:2,10
DA:3,10
LF:3
LH:3
BRF:0
BRH:0
end_of_record
TN:
SF:src\middlewares\validation-middleware.ts
FN:6,validateBody
FN:10,validateParams
FN:14,validate
FN:15,(anonymous_4)
FN:23,(anonymous_5)
FNF:5
FNH:4
FNDA:50,validateBody
FNDA:0,validateParams
FNDA:50,validate
FNDA:31,(anonymous_4)
FNDA:27,(anonymous_5)
DA:1,10
DA:3,10
DA:6,10
DA:7,50
DA:10,10
DA:11,0
DA:15,50
DA:16,31
DA:20,31
DA:21,21
DA:23,27
LF:11
LH:10
BRDA:20,0,0,21
BRDA:20,0,1,10
BRF:2
BRH:2
end_of_record
TN:
SF:src\repositories\address-repository\index.ts
FN:4,upsert
FNF:1
FNH:1
FNDA:2,upsert
DA:1,10
DA:5,2
DA:20,10
DA:24,10
LF:4
LH:4
BRF:0
BRH:0
end_of_record
TN:
SF:src\repositories\enrollment-repository\index.ts
FN:4,findWithAddressByUserId
FN:13,upsert
FNF:2
FNH:2
FNDA:5,findWithAddressByUserId
FNDA:2,upsert
DA:1,10
DA:5,5
DA:18,2
DA:30,10
DA:35,10
LF:5
LH:5
BRF:0
BRH:0
end_of_record
TN:
SF:src\repositories\event-repository\index.ts
FN:3,findFirst
FNF:1
FNH:1
FNDA:11,findFirst
DA:1,10
DA:4,11
DA:7,10
DA:11,10
LF:4
LH:4
BRF:0
BRH:0
end_of_record
TN:
SF:src\repositories\hotels-repository\index.ts
FN:3,findHotels
FN:7,findHotelById
FN:13,findHotelRooms
FNF:3
FNH:3
FNDA:2,findHotels
FNDA:3,findHotelById
FNDA:2,findHotelRooms
DA:1,10
DA:4,2
DA:8,3
DA:14,2
DA:21,10
DA:23,10
LF:6
LH:6
BRF:0
BRH:0
end_of_record
TN:
SF:src\repositories\payments-repository\index.ts
FN:4,findPaymentByTicketId
FN:12,createPayment
FNF:2
FNH:2
FNDA:1,findPaymentByTicketId
FNDA:3,createPayment
DA:1,10
DA:5,1
DA:13,3
DA:16,10
DA:18,10
LF:5
LH:5
BRF:0
BRH:0
end_of_record
TN:
SF:src\repositories\session-repository\index.ts
FN:4,create
FNF:1
FNH:1
FNDA:5,create
DA:1,10
DA:5,5
DA:10,10
DA:14,10
LF:4
LH:4
BRF:0
BRH:0
end_of_record
TN:
SF:src\repositories\tickets-repository\index.ts
FN:3,findTicketTypes
FN:7,findTicketByUserId
FN:27,createTicket
FN:40,findTicketById
FN:54,updateTicketStatusToPaid
FNF:5
FNH:5
FNDA:2,findTicketTypes
FNDA:7,findTicketByUserId
FNDA:2,createTicket
FNDA:8,findTicketById
FNDA:3,updateTicketStatusToPaid
DA:1,10
DA:4,2
DA:8,7
DA:28,2
DA:41,8
DA:55,3
DA:65,10
DA:73,10
LF:8
LH:8
BRF:0
BRH:0
end_of_record
TN:
SF:src\repositories\user-repository\index.ts
FN:4,findByEmail
FN:18,create
FN:24,findById
FNF:3
FNH:3
FNDA:16,findByEmail
FNDA:5,create
FNDA:6,findById
DA:1,10
DA:5,16
DA:11,16
DA:12,9
DA:15,16
DA:19,5
DA:25,6
DA:32,10
DA:38,10
LF:9
LH:9
BRDA:11,0,0,9
BRF:1
BRH:1
end_of_record
TN:
SF:src\routers\authentication-router.ts
FNF:0
FNH:0
DA:1,10
DA:2,10
DA:3,10
DA:4,10
DA:6,10
DA:8,10
DA:10,10
LF:7
LH:7
BRF:0
BRH:0
end_of_record
TN:
SF:src\routers\enrollments-router.ts
FNF:0
FNH:0
DA:1,10
DA:2,10
DA:3,10
DA:4,10
DA:6,10
DA:8,10
DA:14,10
LF:7
LH:7
BRF:0
BRH:0
end_of_record
TN:
SF:src\routers\events-router.ts
FNF:0
FNH:0
DA:1,10
DA:2,10
DA:4,10
DA:6,10
DA:8,10
LF:5
LH:5
BRF:0
BRH:0
end_of_record
TN:
SF:src\routers\hotels-router.ts
FNF:0
FNH:0
DA:1,10
DA:2,10
DA:3,10
DA:5,10
DA:7,10
DA:12,10
LF:6
LH:6
BRF:0
BRH:0
end_of_record
TN:
SF:src\routers\index.ts
FNF:0
FNH:0
DA:1,10
DA:2,10
DA:3,10
DA:4,10
DA:5,10
DA:6,10
DA:7,10
LF:7
LH:7
BRF:0
BRH:0
end_of_record
TN:
SF:src\routers\payments-router.ts
FNF:0
FNH:0
DA:1,10
DA:2,10
DA:3,10
DA:4,10
DA:6,10
DA:8,10
DA:13,10
LF:7
LH:7
BRF:0
BRH:0
end_of_record
TN:
SF:src\routers\tickets-router.ts
FNF:0
FNH:0
DA:1,10
DA:2,10
DA:3,10
DA:4,10
DA:6,10
DA:8,10
DA:14,10
LF:7
LH:7
BRF:0
BRH:0
end_of_record
TN:
SF:src\routers\users-router.ts
FNF:0
FNH:0
DA:1,10
DA:3,10
DA:4,10
DA:5,10
DA:7,10
DA:9,10
DA:11,10
LF:7
LH:7
BRF:0
BRH:0
end_of_record
TN:
SF:src\schemas\authentication-schemas.ts
FNF:0
FNH:0
DA:2,13
DA:4,13
LF:2
LH:2
BRF:0
BRH:0
end_of_record
TN:
SF:src\schemas\enrollments-schemas.ts
FN:23,(anonymous_1)
FN:30,joiCpfValidation
FN:40,JoiCepValidation
FN:50,joiMobilePhoneValidation
FNF:4
FNH:4
FNDA:351,(anonymous_1)
FNDA:29,joiCpfValidation
FNDA:19,JoiCepValidation
FNDA:23,joiMobilePhoneValidation
DA:2,13
DA:3,13
DA:5,13
DA:7,13
DA:9,13
DA:11,13
DA:23,351
DA:31,29
DA:33,29
DA:34,1
DA:37,28
DA:41,19
DA:43,19
DA:44,1
DA:47,18
DA:51,23
DA:53,23
DA:54,0
DA:57,23
LF:19
LH:18
BRDA:31,0,0,0
BRDA:33,1,0,1
BRDA:41,2,0,0
BRDA:43,3,0,1
BRDA:51,4,0,0
BRDA:53,5,0,0
BRF:6
BRH:2
end_of_record
TN:
SF:src\schemas\index.ts
FNF:0
FNH:0
DA:1,13
DA:2,13
DA:3,13
DA:4,13
LF:4
LH:4
BRF:0
BRH:0
end_of_record
TN:
SF:src\schemas\payments-schemas.ts
FNF:0
FNH:0
DA:1,10
DA:3,10
LF:2
LH:2
BRF:0
BRH:0
end_of_record
TN:
SF:src\schemas\tickets-schemas.ts
FNF:0
FNH:0
DA:1,13
DA:3,13
LF:2
LH:2
BRF:0
BRH:0
end_of_record
TN:
SF:src\schemas\users-schemas.ts
FNF:0
FNH:0
DA:2,13
DA:4,13
LF:2
LH:2
BRF:0
BRH:0
end_of_record
TN:
SF:src\services\index.ts
FNF:0
FNH:0
DA:1,0
DA:2,0
DA:3,0
DA:4,0
LF:4
LH:0
BRF:0
BRH:0
end_of_record
TN:
SF:src\services\authentication-service\errors.ts
FN:3,invalidCredentialsError
FNF:1
FNH:1
FNDA:6,invalidCredentialsError
DA:3,10
DA:4,6
LF:2
LH:2
BRF:0
BRH:0
end_of_record
TN:
SF:src\services\authentication-service\index.ts
FN:9,signIn
FN:24,getUserOrFail
FN:31,createSession
FN:41,validatePasswordOrFail
FNF:4
FNH:4
FNDA:9,signIn
FNDA:9,getUserOrFail
FNDA:5,createSession
FNDA:7,validatePasswordOrFail
DA:1,10
DA:2,10
DA:3,10
DA:5,10
DA:6,10
DA:7,10
DA:10,9
DA:12,9
DA:14,7
DA:16,5
DA:18,5
DA:25,9
DA:26,9
DA:28,7
DA:32,5
DA:33,5
DA:38,5
DA:42,7
DA:43,7
DA:55,10
DA:59,10
DA:60,10
LF:22
LH:22
BRDA:26,0,0,2
BRDA:43,1,0,2
BRF:2
BRH:2
end_of_record
TN:
SF:src\services\enrollments-service\index.ts
FN:9,getAddressFromCEP
FN:35,getOneWithAddressByUserId
FN:51,getFirstAddress
FN:59,createOrUpdateEnrollmentWithAddress
FN:75,getAddressForUpsert
FNF:5
FNH:5
FNDA:4,getAddressFromCEP
FNDA:2,getOneWithAddressByUserId
FNDA:1,getFirstAddress
FNDA:2,createOrUpdateEnrollmentWithAddress
FNDA:2,getAddressForUpsert
DA:2,10
DA:3,10
DA:4,10
DA:5,10
DA:6,10
DA:10,4
DA:12,4
DA:13,1
DA:22,3
DA:24,3
DA:32,3
DA:36,2
DA:38,2
DA:40,1
DA:41,1
DA:43,1
DA:52,1
DA:54,1
DA:60,2
DA:61,2
DA:65,2
DA:66,2
DA:67,0
DA:70,2
DA:72,2
DA:76,2
DA:86,10
DA:92,10
LF:28
LH:27
BRDA:12,0,0,1
BRDA:38,1,0,1
BRDA:45,2,0,1
BRDA:45,2,1,1
BRDA:52,3,0,0
BRDA:66,4,0,0
BRDA:78,5,0,2
BRDA:78,5,1,2
BRF:8
BRH:6
end_of_record
TN:
SF:src\services\events-service\index.ts
FN:7,getFirstEvent
FN:16,isCurrentEventActive
FNF:2
FNH:2
FNDA:2,getFirstEvent
FNDA:9,isCurrentEventActive
DA:1,10
DA:2,10
DA:3,10
DA:5,10
DA:8,2
DA:9,2
DA:11,1
DA:17,9
DA:18,9
DA:20,8
DA:21,8
DA:22,8
DA:24,8
DA:27,10
DA:32,10
LF:15
LH:15
BRDA:9,0,0,1
BRDA:18,1,0,1
BRDA:24,2,0,8
BRDA:24,2,1,7
BRF:4
BRH:4
end_of_record
TN:
SF:src\services\hotels-service\index.ts
FN:6,getHotels
FN:21,getHotelRooms
FNF:2
FNH:2
FNDA:4,getHotels
FNDA:3,getHotelRooms
DA:1,10
DA:2,10
DA:3,10
DA:7,4
DA:9,4
DA:10,1
DA:13,3
DA:14,1
DA:17,2
DA:18,2
DA:22,3
DA:24,3
DA:25,1
DA:28,2
DA:30,2
DA:33,10
DA:35,10
LF:17
LH:17
BRDA:9,0,0,1
BRDA:9,1,0,4
BRDA:9,1,1,4
BRDA:13,2,0,1
BRDA:24,3,0,1
BRF:5
BRH:5
end_of_record
TN:
SF:src\services\payments-service\index.ts
FN:7,getPaymentByTicket
FN:27,processPayment
FNF:2
FNH:2
FNDA:3,getPaymentByTicket
FNDA:5,processPayment
DA:1,10
DA:3,10
DA:4,10
DA:8,3
DA:10,3
DA:11,1
DA:14,2
DA:15,1
DA:18,1
DA:20,1
DA:21,0
DA:24,1
DA:28,5
DA:29,5
DA:30,1
DA:33,4
DA:34,1
DA:37,3
DA:44,3
DA:46,3
DA:48,3
DA:51,10
DA:53,10
LF:23
LH:22
BRDA:10,0,0,1
BRDA:14,1,0,1
BRDA:20,2,0,0
BRDA:29,3,0,1
BRDA:33,4,0,1
BRF:5
BRH:4
end_of_record
TN:
SF:src\services\tickets-service\index.ts
FN:9,getTicketTypes
FN:13,getTicket
FN:29,createTicket
FNF:3
FNH:3
FNDA:2,getTicketTypes
FNDA:3,getTicket
FNDA:3,createTicket
DA:1,10
DA:3,10
DA:4,10
DA:5,10
DA:6,10
DA:10,2
DA:14,3
DA:15,3
DA:16,0
DA:19,3
DA:20,3
DA:21,2
DA:24,1
DA:30,3
DA:32,3
DA:33,0
DA:36,3
DA:37,0
DA:40,3
DA:41,3
DA:42,1
DA:45,2
DA:48,10
DA:50,10
LF:24
LH:21
BRDA:15,0,0,0
BRDA:20,1,0,2
BRDA:32,2,0,0
BRDA:36,3,0,0
BRDA:41,4,0,1
BRF:5
BRH:2
end_of_record
TN:
SF:src\services\users-service\errors.ts
FN:3,duplicatedEmailError
FNF:1
FNH:1
FNDA:4,duplicatedEmailError
DA:3,10
DA:4,4
LF:2
LH:2
BRF:0
BRH:0
end_of_record
TN:
SF:src\services\users-service\index.ts
FN:8,createUser
FN:20,validateUniqueEmailOrFail
FN:27,canEnrollOrFail
FNF:3
FNH:3
FNDA:9,createUser
FNDA:7,validateUniqueEmailOrFail
FNDA:9,canEnrollOrFail
DA:1,10
DA:2,10
DA:4,10
DA:5,10
DA:6,10
DA:8,10
DA:9,9
DA:11,7
DA:13,5
DA:14,5
DA:21,7
DA:22,7
DA:23,2
DA:28,9
DA:29,9
DA:30,2
DA:36,10
DA:40,10
DA:41,10
LF:19
LH:19
BRDA:22,0,0,2
BRDA:29,1,0,2
BRF:2
BRH:2
end_of_record
TN:
SF:src\utils\cep-service.ts
FN:4,getAddress
FNF:1
FNH:1
FNDA:4,getAddress
DA:2,10
DA:5,4
DA:6,4
DA:10,10
LF:4
LH:4
BRF:0
BRH:0
end_of_record
TN:
SF:src\utils\prisma-utils.ts
FN:1,exclude
FNF:1
FNH:1
FNDA:13,exclude
DA:1,10
DA:2,13
DA:3,13
DA:4,19
DA:6,13
LF:5
LH:5
BRF:0
BRH:0
end_of_record
TN:
SF:src\utils\request.ts
FN:4,get
FNF:1
FNH:1
FNDA:4,get
DA:1,10
DA:2,10
DA:5,4
DA:6,4
DA:7,3
DA:12,1
DA:14,1
DA:18,10
LF:8
LH:8
BRF:0
BRH:0
end_of_record
